2010-11-28 20:26:20 Warning: Warning (2): MongoCursor::limit() expects parameter 1 to be long, array given in [/Users/theduke/Documents/Coding/eclipse/workspace/spector/webapp/plugins/mongodb/models/datasources/mongodb_source.php, line 632]
2010-11-28 21:40:39 Warning: Warning (2): strtoupper() expects parameter 1 to be string, array given in [/Users/theduke/Documents/Coding/eclipse/workspace/spector/webapp/plugins/mongodb/models/datasources/mongodb_source.php, line 598]
2010-11-28 21:40:39 Warning: Warning (2): strtoupper() expects parameter 1 to be string, array given in [/Users/theduke/Documents/Coding/eclipse/workspace/spector/webapp/plugins/mongodb/models/datasources/mongodb_source.php, line 601]
2010-11-28 21:40:51 Warning: Warning (2): strtoupper() expects parameter 1 to be string, array given in [/Users/theduke/Documents/Coding/eclipse/workspace/spector/webapp/plugins/mongodb/models/datasources/mongodb_source.php, line 598]
2010-11-28 21:40:51 Warning: Warning (2): strtoupper() expects parameter 1 to be string, array given in [/Users/theduke/Documents/Coding/eclipse/workspace/spector/webapp/plugins/mongodb/models/datasources/mongodb_source.php, line 601]
2010-11-28 21:41:05 Warning: Warning (2): strtoupper() expects parameter 1 to be string, array given in [/Users/theduke/Documents/Coding/eclipse/workspace/spector/webapp/plugins/mongodb/models/datasources/mongodb_source.php, line 598]
2010-11-28 21:41:05 Warning: Warning (2): strtoupper() expects parameter 1 to be string, array given in [/Users/theduke/Documents/Coding/eclipse/workspace/spector/webapp/plugins/mongodb/models/datasources/mongodb_source.php, line 601]
2010-11-28 21:41:23 Warning: Warning (2): strtoupper() expects parameter 1 to be string, array given in [/Users/theduke/Documents/Coding/eclipse/workspace/spector/webapp/plugins/mongodb/models/datasources/mongodb_source.php, line 598]
2010-11-28 21:41:23 Warning: Warning (2): strtoupper() expects parameter 1 to be string, array given in [/Users/theduke/Documents/Coding/eclipse/workspace/spector/webapp/plugins/mongodb/models/datasources/mongodb_source.php, line 601]
2010-11-28 21:43:39 Warning: Warning (2): strtoupper() expects parameter 1 to be string, array given in [/Users/theduke/Documents/Coding/eclipse/workspace/spector/webapp/plugins/mongodb/models/datasources/mongodb_source.php, line 598]
2010-11-28 21:43:39 Warning: Warning (2): strtoupper() expects parameter 1 to be string, array given in [/Users/theduke/Documents/Coding/eclipse/workspace/spector/webapp/plugins/mongodb/models/datasources/mongodb_source.php, line 601]
2010-11-28 21:53:02 Warning: Warning (2): Invalid argument supplied for foreach() in [/Users/theduke/Documents/Coding/eclipse/workspace/spector/webapp/app/views/logs/index.ctp, line 27]
2010-11-28 21:53:44 Warning: Warning (2): Invalid argument supplied for foreach() in [/Users/theduke/Documents/Coding/eclipse/workspace/spector/webapp/app/views/logs/index.ctp, line 27]
2010-11-28 21:53:46 Warning: Warning (2): Invalid argument supplied for foreach() in [/Users/theduke/Documents/Coding/eclipse/workspace/spector/webapp/app/views/logs/index.ctp, line 27]
2010-11-28 21:56:55 Warning: Warning (2): Invalid argument supplied for foreach() in [/Users/theduke/Documents/Coding/eclipse/workspace/spector/webapp/app/views/logs/index.ctp, line 27]
2010-11-28 22:04:35 Warning: Warning (2): MongoCursor::limit() expects parameter 1 to be long, array given in [/Users/theduke/Documents/Coding/eclipse/workspace/spector/webapp/plugins/mongodb/models/datasources/mongodb_source.php, line 632]
2010-11-28 22:05:00 Warning: Warning (2): MongoCursor::limit() expects parameter 1 to be long, array given in [/Users/theduke/Documents/Coding/eclipse/workspace/spector/webapp/plugins/mongodb/models/datasources/mongodb_source.php, line 632]
2010-11-28 22:05:02 Warning: Warning (2): MongoCursor::limit() expects parameter 1 to be long, array given in [/Users/theduke/Documents/Coding/eclipse/workspace/spector/webapp/plugins/mongodb/models/datasources/mongodb_source.php, line 632]
2010-11-28 22:48:36 Warning: Warning (2): array_combine() [<a href='http://php.net/function.array-combine'>function.array-combine</a>]: Both parameters should have at least 1 element in [/Users/theduke/Documents/Coding/eclipse/workspace/spector/webapp/app/controllers/logs_controller.php, line 53]
2010-11-28 22:48:36 Warning: Warning (2): array_combine() [<a href='http://php.net/function.array-combine'>function.array-combine</a>]: Both parameters should have at least 1 element in [/Users/theduke/Documents/Coding/eclipse/workspace/spector/webapp/app/controllers/logs_controller.php, line 54]
2010-11-28 22:48:36 Warning: Warning (2): array_combine() [<a href='http://php.net/function.array-combine'>function.array-combine</a>]: Both parameters should have at least 1 element in [/Users/theduke/Documents/Coding/eclipse/workspace/spector/webapp/app/controllers/logs_controller.php, line 55]
2010-11-29 00:30:20 Warning: Warning (2): Invalid argument supplied for foreach() in [/Users/theduke/Documents/Coding/eclipse/workspace/spector/webapp/app/views/imports/index.ctp, line 5]
